/run/numberOfThreads 1
/run/initialize
#
/control/verbose 2
/run/verbose 2
#
# Change the default number of threads (in multi-threaded mode)
/run/numberOfThreads 1
#

#Setting some general geometry
#/DEMO/det/setEleField 0 0 0
#/DEMO/det/setMagField 0 0 0 T
/DEMO/det/setWindowMat G4_Ti
/DEMO/det/setWindowRadius 5 mm
/DEMO/det/setWindowThickness 5 um

#Setting gas properties
/DEMO/gas/setGasMat D2
/DEMO/gas/setGasPressure 0.800 bar
/DEMO/gas/setGasTemperature 293 K
#/DEMO/gas/mixture/
#/DEMO/gas/mixture/GasMixture
#/DEMO/gas/mixture/setGasMix

#Setting the physics List
#/DEMO/phys/addPhysics emstandard
#/DEMO/phys/addPhysics emstandard_opt1
#/DEMO/phys/addPhysics emstandard_opt2
#/DEMO/phys/addPhysics emstandard_opt3
/DEMO/phys/addPhysics emstandard_opt4
#/DEMO/phys/addPhysics emlivermore
#/DEMO/phys/addPhysics empenelope
/DEMO/phys/addPhysics ion-standard
#/DEMO/phys/addPhysics ionGasModel
#/DEMO/phys/addPhysics elastic
#/DEMO/phys/addPhysics binary
#/DEMO/phys/addPhysics binary_ion
#/DEMO/phys/addPhysics gamma_nuc

#Setting cuts for the particles (lenght)
/DEMO/phys/setCuts 1 mm #default
#/DEMO/phys/setGCut 1 mm
#/DEMO/phys/setECut 1 mm
#/DEMO/phys/setPCut 1 mm
#/DEMO/phys/setProtonCut 1mm


# Initialize kernel
/run/initialize


#Setting the beam and the reaction
/DEMO/gun/particle ion
/DEMO/gun/beamPosition 0 0 -127.5 mm
/DEMO/gun/beamDirection 0 0 1
/DEMO/gun/Kine/incidentIon 10 20 10 0. 20. #Z A ChargeState E* Mass
/DEMO/gun/Kine/targetIon 1 2 1 0. 2.
/DEMO/gun/Kine/scatteredIon 10 20 10 0. 20.
/DEMO/gun/Kine/recoiledIon 1 2 1 0. 2.
/DEMO/gun/Kine/reactionQ 0. MeV
/DEMO/gun/Kine/labEnergy 1000 MeV
#/DEMO/gun/randomVertexZPosition on
#/DEMO/gun/randomVertexZRange -64 64
/DEMO/gun/vertexZPosition -20 mm
/DEMO/gun/randomThetaVal 0 180
/DEMO/gun/randomPhiVal 0 360
#/DEMO/gun/Kine/userThetaCM 45 deg
#/DEMO/gun/Kine/userPhiAngle 90 deg

/run/beamOn 1