Performing C SOURCE FILE Test CMAKE_HAVE_LIBC_PTHREAD failed with the following output:
Change Dir: /home/camaiani/Tecnica/Garfield/CDssd-sim/build/CMakeFiles/CMakeScratch/TryCompile-gs1pD6

Run Build Command(s):/usr/bin/make -f Makefile cmTC_46cdb/fast && /usr/bin/make  -f CMakeFiles/cmTC_46cdb.dir/build.make CMakeFiles/cmTC_46cdb.dir/build
make[1]: ingresso nella directory "/home/camaiani/Tecnica/Garfield/CDssd-sim/build/CMakeFiles/CMakeScratch/TryCompile-gs1pD6"
Building C object CMakeFiles/cmTC_46cdb.dir/src.c.o
/usr/bin/cc -DCMAKE_HAVE_LIBC_PTHREAD   -o CMakeFiles/cmTC_46cdb.dir/src.c.o -c /home/camaiani/Tecnica/Garfield/CDssd-sim/build/CMakeFiles/CMakeScratch/TryCompile-gs1pD6/src.c
Linking C executable cmTC_46cdb
/snap/cmake/1204/bin/cmake -E cmake_link_script CMakeFiles/cmTC_46cdb.dir/link.txt --verbose=1
/usr/bin/cc CMakeFiles/cmTC_46cdb.dir/src.c.o -o cmTC_46cdb 
CMakeFiles/cmTC_46cdb.dir/src.c.o: nella funzione "main":
src.c:(.text+0x3e): riferimento non definito a "pthread_create"
src.c:(.text+0x4a): riferimento non definito a "pthread_detach"
src.c:(.text+0x56): riferimento non definito a "pthread_cancel"
src.c:(.text+0x67): riferimento non definito a "pthread_join"
src.c:(.text+0x7b): riferimento non definito a "pthread_atfork"
collect2: error: ld returned 1 exit status
CMakeFiles/cmTC_46cdb.dir/build.make:98: recipe for target 'cmTC_46cdb' failed
make[1]: *** [cmTC_46cdb] Error 1
make[1]: uscita dalla directory "/home/camaiani/Tecnica/Garfield/CDssd-sim/build/CMakeFiles/CMakeScratch/TryCompile-gs1pD6"
Makefile:127: recipe for target 'cmTC_46cdb/fast' failed
make: *** [cmTC_46cdb/fast] Error 2


Source file was:
#include <pthread.h>

static void* test_func(void* data)
{
  return data;
}

int main(void)
{
  pthread_t thread;
  pthread_create(&thread, NULL, test_func, NULL);
  pthread_detach(thread);
  pthread_cancel(thread);
  pthread_join(thread, NULL);
  pthread_atfork(NULL, NULL, NULL);
  pthread_exit(NULL);

  return 0;
}


